<?xml version="1.0" encoding="UTF-8"?>
<!-- Generated by org.testng.reporters.JUnitReportReporter -->
<testsuite hostname="IN-GVHCX64" failures="0" tests="1" name="com.api.tests.LoginAPITest2" time="1.174" errors="0" timestamp="2025-08-16T12:14:22 IST" skipped="0">
  <testcase classname="com.api.tests.LoginAPITest2" name="loginTest" time="1.174"/>
</testsuite> <!-- com.api.tests.LoginAPITest2 -->
