<?xml version="1.0" encoding="UTF-8"?>
<!-- Generated by org.testng.reporters.JUnitReportReporter -->
<testsuite hostname="IN-GVHCX64" failures="0" tests="1" name="com.api.tests.GetProfileTest" time="3.852" errors="0" timestamp="2025-09-03T21:43:41 IST" skipped="0">
  <testcase classname="com.api.tests.GetProfileTest" name="getProfileTest" time="3.852"/>
</testsuite> <!-- com.api.tests.GetProfileTest -->
