<?xml version="1.0" encoding="UTF-8"?>
<!-- Generated by org.testng.reporters.JUnitReportReporter -->
<testsuite hostname="IN-GVHCX64" failures="0" tests="1" name="com.api.tests.AccountCreationTest" time="3.349" errors="0" timestamp="2025-09-03T21:40:37 IST" skipped="0">
  <testcase classname="com.api.tests.AccountCreationTest" name="accountCreationTest" time="3.349"/>
</testsuite> <!-- com.api.tests.AccountCreationTest -->
