<?xml version="1.0" encoding="UTF-8"?>
<!-- Generated by org.testng.reporters.JUnitReportReporter -->
<testsuite hostname="IN-GVHCX64" failures="0" tests="1" name="com.api.tests.LoginAPITest3" time="2.922" errors="0" timestamp="2025-08-15T22:17:24 IST" skipped="0">
  <testcase classname="com.api.tests.LoginAPITest3" name="loginTest" time="2.922"/>
</testsuite> <!-- com.api.tests.LoginAPITest3 -->
