<?xml version="1.0" encoding="UTF-8"?>
<!-- Generated by org.testng.reporters.JUnitReportReporter -->
<testsuite hostname="IN-GVHCX64" failures="0" tests="1" name="com.api.tests.ForgotPasswordTest" time="2.892" errors="0" timestamp="2025-09-03T21:44:41 IST" skipped="0">
  <testcase classname="com.api.tests.ForgotPasswordTest" name="forgotPasswordTest" time="2.892"/>
</testsuite> <!-- com.api.tests.ForgotPasswordTest -->
