<?xml version="1.0" encoding="UTF-8"?>
<!-- Generated by org.testng.reporters.JUnitReportReporter -->
<testsuite hostname="IN-GVHCX64" failures="0" tests="1" name="com.api.tests.UpdateProfileTest" time="3.189" errors="0" timestamp="2025-08-16T00:14:36 IST" skipped="0">
  <testcase classname="com.api.tests.UpdateProfileTest" name="updateProfile" time="3.189"/>
</testsuite> <!-- com.api.tests.UpdateProfileTest -->
